<?xml version="1.0" encoding="UTF-8"?>
<!-- Generated by org.testng.reporters.JUnitReportReporter -->
<testsuite skipped="0" hostname="LAPTOP-0F5NOOUH" name="com.goquo.qa.testcases.LoginPageTest" tests="1" failures="0" timestamp="15 Aug 2019 10:18:33 GMT" time="8.307" errors="0">
  <testcase name="loginPageTitleTest" time="8.307" classname="com.goquo.qa.testcases.LoginPageTest"/>
</testsuite> <!-- com.goquo.qa.testcases.LoginPageTest -->
