<?xml version="1.0" encoding="UTF-8"?>
<!-- Generated by org.testng.reporters.JUnitReportReporter -->
<testsuite skipped="0" hostname="LAPTOP-0F5NOOUH" name="com.goquo.qa.testcases.HomePageTest" tests="2" failures="0" timestamp="16 Aug 2019 02:52:36 GMT" time="18.622" errors="0">
  <testcase name="verifyHomePageTitleTest" time="9.697" classname="com.goquo.qa.testcases.HomePageTest"/>
  <testcase name="searchterm" time="8.925" classname="com.goquo.qa.testcases.HomePageTest"/>
</testsuite> <!-- com.goquo.qa.testcases.HomePageTest -->
